2025-06-29 21:17:29 [ERROR]: Lỗi khi nạp dữ liệu: E11000 duplicate key error collection: strength-best.categories index: nameCategory_1 dup key: { nameCategory: null }
2025-07-03 20:09:56 [ERROR]: Lỗi khi nạp dữ liệu: E11000 duplicate key error collection: strength-best.categories index: nameCategory_1 dup key: { nameCategory: null }
2025-07-03 20:13:27 [ERROR]: Lỗi khi nạp dữ liệu: E11000 duplicate key error collection: strength-best.categories index: nameCategory_1 dup key: { nameCategory: null }
2025-07-03 20:14:37 [ERROR]: Lỗi khi nạp dữ liệu: Category validation failed: nameCategory: Path `nameCategory` is required.
2025-07-03 20:16:52 [ERROR]: Lỗi khi nạp dữ liệu: E11000 duplicate key error collection: strength-best.categories index: name_1 dup key: { name: null }
2025-07-03 20:33:54 [ERROR]: Lỗi khi nạp dữ liệu: E11000 duplicate key error collection: strength-best.categories index: nameCategory_1 dup key: { nameCategory: null }
2025-07-03 20:36:26 [ERROR]: Lỗi khi nạp dữ liệu: E11000 duplicate key error collection: strength-best.categories index: name_1 dup key: { name: null }
2025-07-03 20:45:13 [ERROR]: Lỗi khi nạp dữ liệu: E11000 duplicate key error collection: strength-best.categories index: name_1 dup key: { name: null }
2025-07-10 17:58:51 [ERROR]: Lỗi khi nạp dữ liệu: bcrypt is not defined
2025-07-10 19:48:38 [ERROR]: Lỗi khi nạp dữ liệu: bcrypt is not defined
2025-07-10 19:49:08 [ERROR]: Lỗi khi nạp dữ liệu: bcrypt is not defined
2025-07-10 19:50:12 [ERROR]: Lỗi khi nạp dữ liệu: hashedUsers is not defined
2025-07-10 19:50:28 [ERROR]: Lỗi khi nạp dữ liệu: hashedUsers is not defined
2025-07-10 19:53:01 [ERROR]: Lỗi khi nạp dữ liệu: E11000 duplicate key error collection: strength-best.categories index: name_1 dup key: { name: null }
2025-07-10 19:57:31 [ERROR]: Lỗi khi nạp dữ liệu: E11000 duplicate key error collection: strength-best.categories index: name_1 dup key: { name: null }
2025-07-10 20:00:26 [ERROR]: Lỗi khi nạp dữ liệu: E11000 duplicate key error collection: strength-best.categories index: name_1 dup key: { name: null }
2025-07-10 20:02:33 [ERROR]: Lỗi khi nạp dữ liệu: E11000 duplicate key error collection: strength-best.categories index: name_1 dup key: { name: null }
2025-07-10 20:03:22 [ERROR]: Lỗi khi nạp dữ liệu: E11000 duplicate key error collection: strength-best.categories index: name_1 dup key: { name: null }
2025-07-10 20:07:01 [ERROR]: Lỗi khi nạp dữ liệu: E11000 duplicate key error collection: strength-best.categories index: name_1 dup key: { name: null }
2025-07-10 20:07:13 [ERROR]: Lỗi khi nạp dữ liệu: E11000 duplicate key error collection: strength-best.categories index: name_1 dup key: { name: null }
